[06-Apr-2025 15:06:27 Europe/Berlin] Raw input: {"razorpay_payment_id":"pay_QFmYyeKMNKefmE"}
[06-Apr-2025 15:06:27 Europe/Berlin] Decoded data: Array
(
    [razorpay_payment_id] => pay_QFmYyeKMNKefmE
)

[06-Apr-2025 15:06:27 Europe/Berlin] Payment ID: pay_QFmYyeKMNKefmE
[06-Apr-2025 15:06:27 Europe/Berlin] Order ID: missing
[06-Apr-2025 15:06:27 Europe/Berlin] Signature: missing
[06-Apr-2025 15:06:27 Europe/Berlin] Error in verify-payment.php: Order ID is missing
[06-Apr-2025 15:11:43 Europe/Berlin] Raw input: {"razorpay_payment_id":"pay_QFmeWdrfO7LpDq","razorpay_order_id":"order_QFmePq2vdoCPVz","razorpay_signature":"297dfdcc167b8debc1445b3ecd4623c821b6827eeb8b99285ff724a505779682"}
[06-Apr-2025 15:11:43 Europe/Berlin] Decoded data: Array
(
    [razorpay_payment_id] => pay_QFmeWdrfO7LpDq
    [razorpay_order_id] => order_QFmePq2vdoCPVz
    [razorpay_signature] => 297dfdcc167b8debc1445b3ecd4623c821b6827eeb8b99285ff724a505779682
)

[06-Apr-2025 15:11:43 Europe/Berlin] Payment ID: pay_QFmeWdrfO7LpDq
[06-Apr-2025 15:11:43 Europe/Berlin] Order ID: order_QFmePq2vdoCPVz
[06-Apr-2025 15:11:43 Europe/Berlin] Signature: 297dfdcc167b8debc1445b3ecd4623c821b6827eeb8b99285ff724a505779682
[06-Apr-2025 15:11:43 Europe/Berlin] Attempting to verify signature with attributes: Array
(
    [razorpay_order_id] => order_QFmePq2vdoCPVz
    [razorpay_payment_id] => pay_QFmeWdrfO7LpDq
    [razorpay_signature] => 297dfdcc167b8debc1445b3ecd4623c821b6827eeb8b99285ff724a505779682
)

[06-Apr-2025 15:11:43 Europe/Berlin] Signature verification successful
[06-Apr-2025 15:20:21 Europe/Berlin] Raw input: {"razorpay_payment_id":"pay_QFmndsGSLBfZsX","razorpay_order_id":"order_QFmnRUnlKkGgC8","razorpay_signature":"1e8a720d31ce405ebe523a101addea54eec9c7f7ac69979c87de3100980efe64"}
[06-Apr-2025 15:20:21 Europe/Berlin] Decoded data: Array
(
    [razorpay_payment_id] => pay_QFmndsGSLBfZsX
    [razorpay_order_id] => order_QFmnRUnlKkGgC8
    [razorpay_signature] => 1e8a720d31ce405ebe523a101addea54eec9c7f7ac69979c87de3100980efe64
)

[06-Apr-2025 15:20:21 Europe/Berlin] Payment ID: pay_QFmndsGSLBfZsX
[06-Apr-2025 15:20:21 Europe/Berlin] Order ID: order_QFmnRUnlKkGgC8
[06-Apr-2025 15:20:21 Europe/Berlin] Signature: 1e8a720d31ce405ebe523a101addea54eec9c7f7ac69979c87de3100980efe64
[06-Apr-2025 15:20:21 Europe/Berlin] Attempting to verify signature with attributes: Array
(
    [razorpay_order_id] => order_QFmnRUnlKkGgC8
    [razorpay_payment_id] => pay_QFmndsGSLBfZsX
    [razorpay_signature] => 1e8a720d31ce405ebe523a101addea54eec9c7f7ac69979c87de3100980efe64
)

[06-Apr-2025 15:20:21 Europe/Berlin] Signature verification successful
[06-Apr-2025 15:22:25 Europe/Berlin] Raw input: {"razorpay_payment_id":"pay_QFmpp6sw4kVYYX","razorpay_order_id":"order_QFmpfw7RnhmFUc","razorpay_signature":"60452e88c86544fd898f65e46d53a291fb044207efd295b138d37a8152da54c0"}
[06-Apr-2025 15:22:25 Europe/Berlin] Decoded data: Array
(
    [razorpay_payment_id] => pay_QFmpp6sw4kVYYX
    [razorpay_order_id] => order_QFmpfw7RnhmFUc
    [razorpay_signature] => 60452e88c86544fd898f65e46d53a291fb044207efd295b138d37a8152da54c0
)

[06-Apr-2025 15:22:25 Europe/Berlin] Payment ID: pay_QFmpp6sw4kVYYX
[06-Apr-2025 15:22:25 Europe/Berlin] Order ID: order_QFmpfw7RnhmFUc
[06-Apr-2025 15:22:25 Europe/Berlin] Signature: 60452e88c86544fd898f65e46d53a291fb044207efd295b138d37a8152da54c0
[06-Apr-2025 15:22:25 Europe/Berlin] Attempting to verify signature with attributes: Array
(
    [razorpay_order_id] => order_QFmpfw7RnhmFUc
    [razorpay_payment_id] => pay_QFmpp6sw4kVYYX
    [razorpay_signature] => 60452e88c86544fd898f65e46d53a291fb044207efd295b138d37a8152da54c0
)

[06-Apr-2025 15:22:25 Europe/Berlin] Signature verification successful
[06-Apr-2025 15:25:35 Europe/Berlin] Raw input: {"razorpay_payment_id":"pay_QFmtAwn58zey7G","razorpay_order_id":"order_QFmt227NW7eYvN","razorpay_signature":"3480442a847c3ca1e3077bb51917d20c0f9d4ab3b2f52f81dd339976addd7eec"}
[06-Apr-2025 15:25:35 Europe/Berlin] Decoded data: Array
(
    [razorpay_payment_id] => pay_QFmtAwn58zey7G
    [razorpay_order_id] => order_QFmt227NW7eYvN
    [razorpay_signature] => 3480442a847c3ca1e3077bb51917d20c0f9d4ab3b2f52f81dd339976addd7eec
)

[06-Apr-2025 15:25:35 Europe/Berlin] Payment ID: pay_QFmtAwn58zey7G
[06-Apr-2025 15:25:35 Europe/Berlin] Order ID: order_QFmt227NW7eYvN
[06-Apr-2025 15:25:35 Europe/Berlin] Signature: 3480442a847c3ca1e3077bb51917d20c0f9d4ab3b2f52f81dd339976addd7eec
[06-Apr-2025 15:25:35 Europe/Berlin] Attempting to verify signature with attributes: Array
(
    [razorpay_order_id] => order_QFmt227NW7eYvN
    [razorpay_payment_id] => pay_QFmtAwn58zey7G
    [razorpay_signature] => 3480442a847c3ca1e3077bb51917d20c0f9d4ab3b2f52f81dd339976addd7eec
)

[06-Apr-2025 15:25:35 Europe/Berlin] Signature verification successful
[06-Apr-2025 15:26:41 Europe/Berlin] Raw input: {"razorpay_payment_id":"pay_QFmuKuO5vetMLN","razorpay_order_id":"order_QFmuDaRBjZT1TC","razorpay_signature":"d96fc3041ae2b172b8499192e32eea912f5732945a3413edda08c35d626d77df"}
[06-Apr-2025 15:26:41 Europe/Berlin] Decoded data: Array
(
    [razorpay_payment_id] => pay_QFmuKuO5vetMLN
    [razorpay_order_id] => order_QFmuDaRBjZT1TC
    [razorpay_signature] => d96fc3041ae2b172b8499192e32eea912f5732945a3413edda08c35d626d77df
)

[06-Apr-2025 15:26:41 Europe/Berlin] Payment ID: pay_QFmuKuO5vetMLN
[06-Apr-2025 15:26:41 Europe/Berlin] Order ID: order_QFmuDaRBjZT1TC
[06-Apr-2025 15:26:41 Europe/Berlin] Signature: d96fc3041ae2b172b8499192e32eea912f5732945a3413edda08c35d626d77df
[06-Apr-2025 15:26:41 Europe/Berlin] Attempting to verify signature with attributes: Array
(
    [razorpay_order_id] => order_QFmuDaRBjZT1TC
    [razorpay_payment_id] => pay_QFmuKuO5vetMLN
    [razorpay_signature] => d96fc3041ae2b172b8499192e32eea912f5732945a3413edda08c35d626d77df
)

[06-Apr-2025 15:26:41 Europe/Berlin] Signature verification successful
[06-Apr-2025 15:27:27 Europe/Berlin] Raw input: {"razorpay_payment_id":"pay_QFmvA9Y3fATcXA","razorpay_order_id":"order_QFmv1tsmA2cNIO","razorpay_signature":"43a8f1f329c9ab31ede5e47e0b27e7753f39ee8d5a789b99988a150dc42e0d1c"}
[06-Apr-2025 15:27:27 Europe/Berlin] Decoded data: Array
(
    [razorpay_payment_id] => pay_QFmvA9Y3fATcXA
    [razorpay_order_id] => order_QFmv1tsmA2cNIO
    [razorpay_signature] => 43a8f1f329c9ab31ede5e47e0b27e7753f39ee8d5a789b99988a150dc42e0d1c
)

[06-Apr-2025 15:27:27 Europe/Berlin] Payment ID: pay_QFmvA9Y3fATcXA
[06-Apr-2025 15:27:27 Europe/Berlin] Order ID: order_QFmv1tsmA2cNIO
[06-Apr-2025 15:27:27 Europe/Berlin] Signature: 43a8f1f329c9ab31ede5e47e0b27e7753f39ee8d5a789b99988a150dc42e0d1c
[06-Apr-2025 15:27:27 Europe/Berlin] Attempting to verify signature with attributes: Array
(
    [razorpay_order_id] => order_QFmv1tsmA2cNIO
    [razorpay_payment_id] => pay_QFmvA9Y3fATcXA
    [razorpay_signature] => 43a8f1f329c9ab31ede5e47e0b27e7753f39ee8d5a789b99988a150dc42e0d1c
)

[06-Apr-2025 15:27:27 Europe/Berlin] Signature verification successful
